<?xml version="1.0" encoding="utf-8"?>
<coverage line-rate="0.4288" branch-rate="0.28059999999999996" version="1.9" timestamp="1648757645" lines-covered="187" lines-valid="436" branches-covered="55" branches-valid="196">
  <sources />
  <packages>
    <package name="StirlingLabs.Utilities.Collections" line-rate="0.4288" branch-rate="0.28059999999999996" complexity="297">
      <classes>
        <class name="StirlingLabs.Utilities.Collections.AsyncConsumer`1" filename="/_/StirlingLabs.Utilities.Collections/AsyncConsumer.cs" line-rate="1" branch-rate="1" complexity="1">
          <methods>
            <method name="get_Empty" signature="()" line-rate="1" branch-rate="1" complexity="1">
              <lines>
                <line number="5" hits="404" branch="False" />
              </lines>
            </method>
          </methods>
          <lines>
            <line number="5" hits="404" branch="False" />
          </lines>
        </class>
        <class name="StirlingLabs.Utilities.Collections.AsyncConsumerIMux" filename="/_/StirlingLabs.Utilities.Collections/AsyncConsumerIMux.cs" line-rate="0" branch-rate="1" complexity="4">
          <methods>
            <method name="Fair" signature="(System.Collections.Generic.IEnumerable`1&lt;StirlingLabs.Utilities.Collections.AsyncProducerConsumerCollection`1&lt;T&gt;&gt;)" line-rate="0" branch-rate="1" complexity="1">
              <lines>
                <line number="13" hits="0" branch="False" />
              </lines>
            </method>
            <method name="Fair" signature="(StirlingLabs.Utilities.Collections.AsyncProducerConsumerCollection`1&lt;T&gt;[])" line-rate="0" branch-rate="1" complexity="1">
              <lines>
                <line number="15" hits="0" branch="False" />
              </lines>
            </method>
            <method name="Fair" signature="(System.Collections.Generic.IEnumerable`1&lt;StirlingLabs.Utilities.Collections.IAsyncConsumer`1&lt;T&gt;&gt;)" line-rate="0" branch-rate="1" complexity="1">
              <lines>
                <line number="17" hits="0" branch="False" />
              </lines>
            </method>
            <method name="Fair" signature="(StirlingLabs.Utilities.Collections.IAsyncConsumer`1&lt;T&gt;[])" line-rate="0" branch-rate="1" complexity="1">
              <lines>
                <line number="19" hits="0" branch="False" />
              </lines>
            </method>
          </methods>
          <lines>
            <line number="13" hits="0" branch="False" />
            <line number="15" hits="0" branch="False" />
            <line number="17" hits="0" branch="False" />
            <line number="19" hits="0" branch="False" />
          </lines>
        </class>
        <class name="StirlingLabs.Utilities.Collections.AsyncConsumerIMux`1" filename="/_/StirlingLabs.Utilities.Collections/AsyncConsumerIMux.cs" line-rate="0" branch-rate="1" complexity="1">
          <methods>
            <method name="GetAsyncEnumerator" signature="(System.Threading.CancellationToken)" line-rate="0" branch-rate="1" complexity="1">
              <lines>
                <line number="28" hits="0" branch="False" />
              </lines>
            </method>
          </methods>
          <lines>
            <line number="28" hits="0" branch="False" />
          </lines>
        </class>
        <class name="StirlingLabs.Utilities.Collections.AsyncProducerConsumerCollection`1" filename="/_/StirlingLabs.Utilities.Collections/AsyncProducerConsumerCollection.cs" line-rate="0.5634" branch-rate="0.3281" complexity="85">
          <methods>
            <method name="get_IsAddingCompleted" signature="()" line-rate="1" branch-rate="1" complexity="1">
              <lines>
                <line number="48" hits="8616" branch="False" />
              </lines>
            </method>
            <method name="get_IsCompleted" signature="()" line-rate="1" branch-rate="1" complexity="1">
              <lines>
                <line number="53" hits="5" branch="False" />
              </lines>
            </method>
            <method name="get_IsCompletedInternal" signature="()" line-rate="1" branch-rate="1" complexity="1">
              <lines>
                <line number="59" hits="39110" branch="False" />
              </lines>
            </method>
            <method name="get_IsDisposed" signature="()" line-rate="1" branch-rate="1" complexity="1">
              <lines>
                <line number="65" hits="53216" branch="False" />
              </lines>
            </method>
            <method name="SetIsCompleted" signature="()" line-rate="1" branch-rate="1" complexity="1">
              <lines>
                <line number="70" hits="5" branch="False" />
              </lines>
            </method>
            <method name="CheckDisposed" signature="()" line-rate="0.6666" branch-rate="0.5" complexity="2">
              <lines>
                <line number="75" hits="53211" branch="True" condition-coverage="50% (1/2)">
                  <conditions>
                    <condition number="6" type="jump" coverage="50%" />
                  </conditions>
                </line>
                <line number="76" hits="0" branch="False" />
                <line number="77" hits="53211" branch="False" />
              </lines>
            </method>
            <method name="SetIsDisposed" signature="()" line-rate="1" branch-rate="1" complexity="1">
              <lines>
                <line number="81" hits="5" branch="False" />
              </lines>
            </method>
            <method name="TryAdd" signature="(T)" line-rate="0.8" branch-rate="0.5" complexity="2">
              <lines>
                <line number="86" hits="1" branch="True" condition-coverage="50% (1/2)">
                  <conditions>
                    <condition number="6" type="jump" coverage="50%" />
                  </conditions>
                </line>
                <line number="87" hits="0" branch="False" />
                <line number="89" hits="1" branch="False" />
                <line number="90" hits="1" branch="False" />
                <line number="91" hits="1" branch="False" />
              </lines>
            </method>
            <method name="TryAddRange" signature="(System.Collections.Generic.IEnumerable`1&lt;T&gt;)" line-rate="0.7272" branch-rate="0.625" complexity="8">
              <lines>
                <line number="96" hits="10" branch="True" condition-coverage="50% (1/2)">
                  <conditions>
                    <condition number="1" type="jump" coverage="50%" />
                  </conditions>
                </line>
                <line number="98" hits="10" branch="True" condition-coverage="50% (1/2)">
                  <conditions>
                    <condition number="20" type="jump" coverage="50%" />
                  </conditions>
                </line>
                <line number="99" hits="0" branch="False" />
                <line number="101" hits="10" branch="False" />
                <line number="102" hits="23418" branch="True" condition-coverage="100% (2/2)">
                  <conditions>
                    <condition number="70" type="jump" coverage="100%" />
                  </conditions>
                </line>
                <line number="104" hits="11699" branch="True" condition-coverage="50% (1/2)">
                  <conditions>
                    <condition number="54" type="jump" coverage="50%" />
                  </conditions>
                </line>
                <line number="105" hits="0" branch="False" />
                <line number="106" hits="11699" branch="False" />
                <line number="108" hits="10" branch="False" />
                <line number="109" hits="10" branch="False" />
                <line number="110" hits="0" branch="False" />
              </lines>
            </method>
            <method name="TakeAsync" signature="(System.Threading.CancellationToken)" line-rate="0" branch-rate="1" complexity="1">
              <lines>
                <line number="115" hits="0" branch="False" />
              </lines>
            </method>
            <method name="WaitForAvailableAsync" signature="(System.Threading.CancellationToken)" line-rate="0" branch-rate="1" complexity="1">
              <lines>
                <line number="141" hits="0" branch="False" />
              </lines>
            </method>
            <method name="WaitForAvailable" signature="(System.Threading.CancellationToken)" line-rate="0" branch-rate="0" complexity="8">
              <lines>
                <line number="166" hits="0" branch="False" />
                <line number="168" hits="0" branch="True" condition-coverage="0% (0/2)">
                  <conditions>
                    <condition number="12" type="jump" coverage="0%" />
                  </conditions>
                </line>
                <line number="169" hits="0" branch="False" />
                <line number="171" hits="0" branch="True" condition-coverage="0% (0/2)">
                  <conditions>
                    <condition number="31" type="jump" coverage="0%" />
                  </conditions>
                </line>
                <line number="173" hits="0" branch="True" condition-coverage="0% (0/2)">
                  <conditions>
                    <condition number="40" type="jump" coverage="0%" />
                  </conditions>
                </line>
                <line number="174" hits="0" branch="False" />
                <line number="176" hits="0" branch="True" condition-coverage="0% (0/2)">
                  <conditions>
                    <condition number="68" type="jump" coverage="0%" />
                  </conditions>
                </line>
                <line number="177" hits="0" branch="False" />
                <line number="180" hits="0" branch="False" />
                <line number="181" hits="0" branch="False" />
                <line number="183" hits="0" branch="False" />
              </lines>
            </method>
            <method name="IsEmptyInternal" signature="()" line-rate="0.5714" branch-rate="0.1666" complexity="6">
              <lines>
                <line number="187" hits="39506" branch="True" condition-coverage="16.66% (1/6)">
                  <conditions>
                    <condition number="17" type="jump" coverage="50%" />
                    <condition number="28" type="jump" coverage="0%" />
                    <condition number="39" type="jump" coverage="0%" />
                  </conditions>
                </line>
                <line number="188" hits="39506" branch="False" />
                <line number="189" hits="39506" branch="False" />
                <line number="190" hits="0" branch="False" />
                <line number="191" hits="0" branch="False" />
                <line number="192" hits="0" branch="False" />
                <line number="193" hits="39506" branch="False" />
              </lines>
            </method>
            <method name="TryToComplete" signature="()" line-rate="1" branch-rate="1" complexity="6">
              <lines>
                <line number="199" hits="25415" branch="True" condition-coverage="100% (2/2)">
                  <conditions>
                    <condition number="6" type="jump" coverage="100%" />
                  </conditions>
                </line>
                <line number="200" hits="16" branch="False" />
                <line number="202" hits="25399" branch="True" condition-coverage="100% (4/4)">
                  <conditions>
                    <condition number="16" type="jump" coverage="100%" />
                    <condition number="29" type="jump" coverage="100%" />
                  </conditions>
                </line>
                <line number="203" hits="25394" branch="False" />
                <line number="205" hits="5" branch="False" />
                <line number="206" hits="5" branch="False" />
              </lines>
            </method>
            <method name="System.Collections.IEnumerable.GetEnumerator" signature="()" line-rate="0" branch-rate="1" complexity="1">
              <lines>
                <line number="220" hits="0" branch="False" />
              </lines>
            </method>
            <method name="get_Count" signature="()" line-rate="1" branch-rate="1" complexity="1">
              <lines>
                <line number="227" hits="4" branch="False" />
                <line number="229" hits="4" branch="False" />
              </lines>
            </method>
            <method name="System.Collections.ICollection.get_IsSynchronized" signature="()" line-rate="0" branch-rate="1" complexity="1">
              <lines>
                <line number="237" hits="0" branch="False" />
                <line number="239" hits="0" branch="False" />
              </lines>
            </method>
            <method name="System.Collections.ICollection.get_SyncRoot" signature="()" line-rate="0" branch-rate="1" complexity="1">
              <lines>
                <line number="247" hits="0" branch="False" />
                <line number="249" hits="0" branch="False" />
              </lines>
            </method>
            <method name="get_IsEmpty" signature="()" line-rate="1" branch-rate="1" complexity="1">
              <lines>
                <line number="258" hits="14107" branch="False" />
                <line number="260" hits="14107" branch="False" />
              </lines>
            </method>
            <method name="CopyTo" signature="(T[],System.Int32)" line-rate="0" branch-rate="0" complexity="8">
              <lines>
                <line number="266" hits="0" branch="False" />
                <line number="267" hits="0" branch="True" condition-coverage="0% (0/2)">
                  <conditions>
                    <condition number="7" type="jump" coverage="0%" />
                  </conditions>
                </line>
                <line number="268" hits="0" branch="True" condition-coverage="0% (0/4)">
                  <conditions>
                    <condition number="22" type="jump" coverage="0%" />
                    <condition number="28" type="jump" coverage="0%" />
                  </conditions>
                </line>
                <line number="270" hits="0" branch="False" />
                <line number="271" hits="0" branch="True" condition-coverage="0% (0/2)">
                  <conditions>
                    <condition number="84" type="jump" coverage="0%" />
                  </conditions>
                </line>
                <line number="272" hits="0" branch="False" />
                <line number="273" hits="0" branch="False" />
              </lines>
            </method>
            <method name="CopyTo" signature="(System.Array,System.Int32)" line-rate="0" branch-rate="0" complexity="8">
              <lines>
                <line number="277" hits="0" branch="False" />
                <line number="278" hits="0" branch="True" condition-coverage="0% (0/2)">
                  <conditions>
                    <condition number="7" type="jump" coverage="0%" />
                  </conditions>
                </line>
                <line number="279" hits="0" branch="True" condition-coverage="0% (0/4)">
                  <conditions>
                    <condition number="22" type="jump" coverage="0%" />
                    <condition number="31" type="jump" coverage="0%" />
                  </conditions>
                </line>
                <line number="281" hits="0" branch="False" />
                <line number="282" hits="0" branch="True" condition-coverage="0% (0/2)">
                  <conditions>
                    <condition number="92" type="jump" coverage="0%" />
                  </conditions>
                </line>
                <line number="283" hits="0" branch="False" />
                <line number="284" hits="0" branch="False" />
              </lines>
            </method>
            <method name="ToArray" signature="()" line-rate="0" branch-rate="1" complexity="1">
              <lines>
                <line number="290" hits="0" branch="False" />
                <line number="292" hits="0" branch="False" />
              </lines>
            </method>
            <method name="TryTake" signature="(T&amp;)" line-rate="1" branch-rate="1" complexity="1">
              <lines>
                <line number="298" hits="13700" branch="False" />
                <line number="300" hits="13700" branch="False" />
                <line number="301" hits="13700" branch="False" />
                <line number="302" hits="13700" branch="False" />
              </lines>
            </method>
            <method name="CompleteAdding" signature="()" line-rate="1" branch-rate="1" complexity="1">
              <lines>
                <line number="307" hits="5" branch="False" />
                <line number="309" hits="5" branch="False" />
                <line number="310" hits="5" branch="False" />
              </lines>
            </method>
            <method name="ClearInternal" signature="()" line-rate="0.5" branch-rate="0.375" complexity="8">
              <lines>
                <line number="315" hits="5" branch="True" condition-coverage="33.33% (2/6)">
                  <conditions>
                    <condition number="15" type="jump" coverage="50%" />
                    <condition number="25" type="jump" coverage="50%" />
                    <condition number="35" type="jump" coverage="0%" />
                  </conditions>
                </line>
                <line number="318" hits="0" branch="False" />
                <line number="319" hits="0" branch="False" />
                <line number="322" hits="5" branch="False" />
                <line number="323" hits="5" branch="False" />
                <line number="325" hits="0" branch="False" />
                <line number="326" hits="0" branch="False" />
                <line number="329" hits="0" branch="True" condition-coverage="50% (1/2)">
                  <conditions>
                    <condition number="76" type="jump" coverage="50%" />
                  </conditions>
                </line>
                <line number="333" hits="5" branch="False" />
                <line number="334" hits="5" branch="False" />
              </lines>
            </method>
            <method name="Clear" signature="()" line-rate="0" branch-rate="1" complexity="1">
              <lines>
                <line number="338" hits="0" branch="False" />
                <line number="340" hits="0" branch="False" />
                <line number="341" hits="0" branch="False" />
              </lines>
            </method>
            <method name="Dispose" signature="()" line-rate="1" branch-rate="0.5" complexity="2">
              <lines>
                <line number="345" hits="5" branch="True" condition-coverage="50% (1/2)">
                  <conditions>
                    <condition number="6" type="jump" coverage="50%" />
                  </conditions>
                </line>
                <line number="346" hits="5" branch="False" />
                <line number="348" hits="5" branch="False" />
                <line number="349" hits="5" branch="False" />
                <line number="351" hits="5" branch="False" />
                <line number="353" hits="5" branch="False" />
                <line number="354" hits="5" branch="False" />
                <line number="355" hits="5" branch="False" />
                <line number="356" hits="5" branch="False" />
              </lines>
            </method>
            <method name="OnCompleted" signature="(System.Action)" line-rate="0" branch-rate="1" complexity="1">
              <lines>
                <line number="360" hits="0" branch="False" />
                <line number="361" hits="0" branch="False" />
                <line number="362" hits="0" branch="False" />
              </lines>
            </method>
            <method name="Completed" signature="()" line-rate="1" branch-rate="0.5" complexity="2">
              <lines>
                <line number="367" hits="5" branch="False" />
                <line number="369" hits="5" branch="True" condition-coverage="50% (1/2)">
                  <conditions>
                    <condition number="24" type="jump" coverage="50%" />
                  </conditions>
                </line>
                <line number="370" hits="5" branch="False" />
                <line number="371" hits="5" branch="False" />
                <line number="372" hits="5" branch="False" />
                <line number="373" hits="5" branch="False" />
              </lines>
            </method>
            <method name="GetConsumer" signature="()" line-rate="1" branch-rate="1" complexity="1">
              <lines>
                <line number="378" hits="5" branch="False" />
              </lines>
            </method>
            <method name="GetAwaiter" signature="()" line-rate="0" branch-rate="1" complexity="1">
              <lines>
                <line number="384" hits="0" branch="False" />
              </lines>
            </method>
            <method name=".ctor" signature="(System.Collections.Concurrent.IProducerConsumerCollection`1&lt;T&gt;)" line-rate="1" branch-rate="0.5" complexity="2">
              <lines>
                <line number="19" hits="5" branch="False" />
                <line number="31" hits="5" branch="False" />
                <line number="33" hits="5" branch="True" condition-coverage="50% (1/2)">
                  <conditions>
                    <condition number="21" type="jump" coverage="50%" />
                  </conditions>
                </line>
                <line number="34" hits="5" branch="False" />
                <line number="35" hits="5" branch="False" />
                <line number="36" hits="5" branch="False" />
                <line number="37" hits="5" branch="False" />
              </lines>
            </method>
            <method name=".ctor" signature="()" line-rate="0" branch-rate="1" complexity="1">
              <lines>
                <line number="40" hits="0" branch="False" />
              </lines>
            </method>
            <method name=".ctor" signature="(System.Collections.Generic.IEnumerable`1&lt;T&gt;)" line-rate="1" branch-rate="0.5" complexity="2">
              <lines>
                <line number="43" hits="5" branch="True" condition-coverage="50% (1/2)">
                  <conditions>
                    <condition number="9" type="jump" coverage="50%" />
                  </conditions>
                </line>
                <line number="44" hits="5" branch="False" />
              </lines>
            </method>
          </methods>
          <lines>
            <line number="48" hits="8616" branch="False" />
            <line number="53" hits="5" branch="False" />
            <line number="59" hits="39110" branch="False" />
            <line number="65" hits="53216" branch="False" />
            <line number="70" hits="5" branch="False" />
            <line number="75" hits="53211" branch="True" condition-coverage="50% (1/2)">
              <conditions>
                <condition number="6" type="jump" coverage="50%" />
              </conditions>
            </line>
            <line number="76" hits="0" branch="False" />
            <line number="77" hits="53211" branch="False" />
            <line number="81" hits="5" branch="False" />
            <line number="86" hits="1" branch="True" condition-coverage="50% (1/2)">
              <conditions>
                <condition number="6" type="jump" coverage="50%" />
              </conditions>
            </line>
            <line number="87" hits="0" branch="False" />
            <line number="89" hits="1" branch="False" />
            <line number="90" hits="1" branch="False" />
            <line number="91" hits="1" branch="False" />
            <line number="96" hits="10" branch="True" condition-coverage="50% (1/2)">
              <conditions>
                <condition number="1" type="jump" coverage="50%" />
              </conditions>
            </line>
            <line number="98" hits="10" branch="True" condition-coverage="50% (1/2)">
              <conditions>
                <condition number="20" type="jump" coverage="50%" />
              </conditions>
            </line>
            <line number="99" hits="0" branch="False" />
            <line number="101" hits="10" branch="False" />
            <line number="102" hits="23418" branch="True" condition-coverage="100% (2/2)">
              <conditions>
                <condition number="70" type="jump" coverage="100%" />
              </conditions>
            </line>
            <line number="104" hits="11699" branch="True" condition-coverage="50% (1/2)">
              <conditions>
                <condition number="54" type="jump" coverage="50%" />
              </conditions>
            </line>
            <line number="105" hits="0" branch="False" />
            <line number="106" hits="11699" branch="False" />
            <line number="108" hits="10" branch="False" />
            <line number="109" hits="10" branch="False" />
            <line number="110" hits="0" branch="False" />
            <line number="115" hits="0" branch="False" />
            <line number="141" hits="0" branch="False" />
            <line number="166" hits="0" branch="False" />
            <line number="168" hits="0" branch="True" condition-coverage="0% (0/2)">
              <conditions>
                <condition number="12" type="jump" coverage="0%" />
              </conditions>
            </line>
            <line number="169" hits="0" branch="False" />
            <line number="171" hits="0" branch="True" condition-coverage="0% (0/2)">
              <conditions>
                <condition number="31" type="jump" coverage="0%" />
              </conditions>
            </line>
            <line number="173" hits="0" branch="True" condition-coverage="0% (0/2)">
              <conditions>
                <condition number="40" type="jump" coverage="0%" />
              </conditions>
            </line>
            <line number="174" hits="0" branch="False" />
            <line number="176" hits="0" branch="True" condition-coverage="0% (0/2)">
              <conditions>
                <condition number="68" type="jump" coverage="0%" />
              </conditions>
            </line>
            <line number="177" hits="0" branch="False" />
            <line number="180" hits="0" branch="False" />
            <line number="181" hits="0" branch="False" />
            <line number="183" hits="0" branch="False" />
            <line number="187" hits="39506" branch="True" condition-coverage="16.66% (1/6)">
              <conditions>
                <condition number="17" type="jump" coverage="50%" />
                <condition number="28" type="jump" coverage="0%" />
                <condition number="39" type="jump" coverage="0%" />
              </conditions>
            </line>
            <line number="188" hits="39506" branch="False" />
            <line number="189" hits="39506" branch="False" />
            <line number="190" hits="0" branch="False" />
            <line number="191" hits="0" branch="False" />
            <line number="192" hits="0" branch="False" />
            <line number="193" hits="39506" branch="False" />
            <line number="199" hits="25415" branch="True" condition-coverage="100% (2/2)">
              <conditions>
                <condition number="6" type="jump" coverage="100%" />
              </conditions>
            </line>
            <line number="200" hits="16" branch="False" />
            <line number="202" hits="25399" branch="True" condition-coverage="100% (4/4)">
              <conditions>
                <condition number="16" type="jump" coverage="100%" />
                <condition number="29" type="jump" coverage="100%" />
              </conditions>
            </line>
            <line number="203" hits="25394" branch="False" />
            <line number="205" hits="5" branch="False" />
            <line number="206" hits="5" branch="False" />
            <line number="220" hits="0" branch="False" />
            <line number="227" hits="4" branch="False" />
            <line number="229" hits="4" branch="False" />
            <line number="237" hits="0" branch="False" />
            <line number="239" hits="0" branch="False" />
            <line number="247" hits="0" branch="False" />
            <line number="249" hits="0" branch="False" />
            <line number="258" hits="14107" branch="False" />
            <line number="260" hits="14107" branch="False" />
            <line number="266" hits="0" branch="False" />
            <line number="267" hits="0" branch="True" condition-coverage="0% (0/2)">
              <conditions>
                <condition number="7" type="jump" coverage="0%" />
              </conditions>
            </line>
            <line number="268" hits="0" branch="True" condition-coverage="0% (0/4)">
              <conditions>
                <condition number="22" type="jump" coverage="0%" />
                <condition number="28" type="jump" coverage="0%" />
              </conditions>
            </line>
            <line number="270" hits="0" branch="False" />
            <line number="271" hits="0" branch="True" condition-coverage="0% (0/2)">
              <conditions>
                <condition number="84" type="jump" coverage="0%" />
              </conditions>
            </line>
            <line number="272" hits="0" branch="False" />
            <line number="273" hits="0" branch="False" />
            <line number="277" hits="0" branch="False" />
            <line number="278" hits="0" branch="True" condition-coverage="0% (0/2)">
              <conditions>
                <condition number="7" type="jump" coverage="0%" />
              </conditions>
            </line>
            <line number="279" hits="0" branch="True" condition-coverage="0% (0/4)">
              <conditions>
                <condition number="22" type="jump" coverage="0%" />
                <condition number="31" type="jump" coverage="0%" />
              </conditions>
            </line>
            <line number="281" hits="0" branch="False" />
            <line number="282" hits="0" branch="True" condition-coverage="0% (0/2)">
              <conditions>
                <condition number="92" type="jump" coverage="0%" />
              </conditions>
            </line>
            <line number="283" hits="0" branch="False" />
            <line number="284" hits="0" branch="False" />
            <line number="290" hits="0" branch="False" />
            <line number="292" hits="0" branch="False" />
            <line number="298" hits="13700" branch="False" />
            <line number="300" hits="13700" branch="False" />
            <line number="301" hits="13700" branch="False" />
            <line number="302" hits="13700" branch="False" />
            <line number="307" hits="5" branch="False" />
            <line number="309" hits="5" branch="False" />
            <line number="310" hits="5" branch="False" />
            <line number="315" hits="5" branch="True" condition-coverage="33.33% (2/6)">
              <conditions>
                <condition number="15" type="jump" coverage="50%" />
                <condition number="25" type="jump" coverage="50%" />
                <condition number="35" type="jump" coverage="0%" />
              </conditions>
            </line>
            <line number="318" hits="0" branch="False" />
            <line number="319" hits="0" branch="False" />
            <line number="322" hits="5" branch="False" />
            <line number="323" hits="5" branch="False" />
            <line number="325" hits="0" branch="False" />
            <line number="326" hits="0" branch="False" />
            <line number="329" hits="0" branch="True" condition-coverage="50% (1/2)">
              <conditions>
                <condition number="76" type="jump" coverage="50%" />
              </conditions>
            </line>
            <line number="333" hits="5" branch="False" />
            <line number="334" hits="5" branch="False" />
            <line number="338" hits="0" branch="False" />
            <line number="340" hits="0" branch="False" />
            <line number="341" hits="0" branch="False" />
            <line number="345" hits="5" branch="True" condition-coverage="50% (1/2)">
              <conditions>
                <condition number="6" type="jump" coverage="50%" />
              </conditions>
            </line>
            <line number="346" hits="5" branch="False" />
            <line number="348" hits="5" branch="False" />
            <line number="349" hits="5" branch="False" />
            <line number="351" hits="5" branch="False" />
            <line number="353" hits="5" branch="False" />
            <line number="354" hits="5" branch="False" />
            <line number="355" hits="5" branch="False" />
            <line number="356" hits="5" branch="False" />
            <line number="360" hits="0" branch="False" />
            <line number="361" hits="0" branch="False" />
            <line number="362" hits="0" branch="False" />
            <line number="367" hits="5" branch="False" />
            <line number="369" hits="5" branch="True" condition-coverage="50% (1/2)">
              <conditions>
                <condition number="24" type="jump" coverage="50%" />
              </conditions>
            </line>
            <line number="370" hits="5" branch="False" />
            <line number="371" hits="5" branch="False" />
            <line number="372" hits="5" branch="False" />
            <line number="373" hits="5" branch="False" />
            <line number="378" hits="5" branch="False" />
            <line number="384" hits="0" branch="False" />
            <line number="19" hits="5" branch="False" />
            <line number="31" hits="5" branch="False" />
            <line number="33" hits="5" branch="True" condition-coverage="50% (1/2)">
              <conditions>
                <condition number="21" type="jump" coverage="50%" />
              </conditions>
            </line>
            <line number="34" hits="5" branch="False" />
            <line number="35" hits="5" branch="False" />
            <line number="36" hits="5" branch="False" />
            <line number="37" hits="5" branch="False" />
            <line number="40" hits="0" branch="False" />
            <line number="43" hits="5" branch="True" condition-coverage="50% (1/2)">
              <conditions>
                <condition number="9" type="jump" coverage="50%" />
              </conditions>
            </line>
            <line number="44" hits="5" branch="False" />
          </lines>
        </class>
        <class name="StirlingLabs.Utilities.Collections.AsyncProducerConsumerCollection`1/&lt;GetEnumerator&gt;d__31" filename="/_/StirlingLabs.Utilities.Collections/AsyncProducerConsumerCollection.cs" line-rate="0" branch-rate="0" complexity="2">
          <methods>
            <method name="MoveNext" signature="()" line-rate="0" branch-rate="0" complexity="2">
              <lines>
                <line number="211" hits="0" branch="False" />
                <line number="213" hits="0" branch="True" condition-coverage="0% (0/2)">
                  <conditions>
                    <condition number="114" type="jump" coverage="0%" />
                  </conditions>
                </line>
                <line number="214" hits="0" branch="False" />
                <line number="215" hits="0" branch="False" />
              </lines>
            </method>
          </methods>
          <lines>
            <line number="211" hits="0" branch="False" />
            <line number="213" hits="0" branch="True" condition-coverage="0% (0/2)">
              <conditions>
                <condition number="114" type="jump" coverage="0%" />
              </conditions>
            </line>
            <line number="214" hits="0" branch="False" />
            <line number="215" hits="0" branch="False" />
          </lines>
        </class>
        <class name="StirlingLabs.Utilities.Collections.AsyncProducerConsumerCollection`1/&lt;TakeAsync&gt;d__25" filename="/_/StirlingLabs.Utilities.Collections/AsyncProducerConsumerCollection.cs" line-rate="0" branch-rate="0" complexity="4">
          <methods>
            <method name="MoveNext" signature="()" line-rate="0" branch-rate="0" complexity="4">
              <lines>
                <line number="122" hits="0" branch="False" />
                <line number="123" hits="0" branch="False" />
                <line number="125" hits="0" branch="True" condition-coverage="0% (0/2)">
                  <conditions>
                    <condition number="155" type="jump" coverage="0%" />
                  </conditions>
                </line>
                <line number="127" hits="0" branch="False" />
                <line number="128" hits="0" branch="False" />
                <line number="131" hits="0" branch="True" condition-coverage="0% (0/2)">
                  <conditions>
                    <condition number="174" type="jump" coverage="0%" />
                  </conditions>
                </line>
                <line number="132" hits="0" branch="False" />
                <line number="134" hits="0" branch="False" />
                <line number="136" hits="0" branch="False" />
              </lines>
            </method>
          </methods>
          <lines>
            <line number="122" hits="0" branch="False" />
            <line number="123" hits="0" branch="False" />
            <line number="125" hits="0" branch="True" condition-coverage="0% (0/2)">
              <conditions>
                <condition number="155" type="jump" coverage="0%" />
              </conditions>
            </line>
            <line number="127" hits="0" branch="False" />
            <line number="128" hits="0" branch="False" />
            <line number="131" hits="0" branch="True" condition-coverage="0% (0/2)">
              <conditions>
                <condition number="174" type="jump" coverage="0%" />
              </conditions>
            </line>
            <line number="132" hits="0" branch="False" />
            <line number="134" hits="0" branch="False" />
            <line number="136" hits="0" branch="False" />
          </lines>
        </class>
        <class name="StirlingLabs.Utilities.Collections.AsyncProducerConsumerCollection`1/&lt;WaitForAvailableAsync&gt;d__27" filename="/_/StirlingLabs.Utilities.Collections/AsyncProducerConsumerCollection.cs" line-rate="0" branch-rate="0" complexity="8">
          <methods>
            <method name="MoveNext" signature="()" line-rate="0" branch-rate="0" complexity="8">
              <lines>
                <line number="145" hits="0" branch="False" />
                <line number="147" hits="0" branch="True" condition-coverage="0% (0/2)">
                  <conditions>
                    <condition number="39" type="jump" coverage="0%" />
                  </conditions>
                </line>
                <line number="148" hits="0" branch="False" />
                <line number="150" hits="0" branch="True" condition-coverage="0% (0/2)">
                  <conditions>
                    <condition number="58" type="jump" coverage="0%" />
                  </conditions>
                </line>
                <line number="152" hits="0" branch="True" condition-coverage="0% (0/2)">
                  <conditions>
                    <condition number="71" type="jump" coverage="0%" />
                  </conditions>
                </line>
                <line number="153" hits="0" branch="False" />
                <line number="155" hits="0" branch="True" condition-coverage="0% (0/2)">
                  <conditions>
                    <condition number="104" type="jump" coverage="0%" />
                  </conditions>
                </line>
                <line number="156" hits="0" branch="False" />
                <line number="159" hits="0" branch="False" />
                <line number="160" hits="0" branch="False" />
                <line number="161" hits="0" branch="False" />
                <line number="162" hits="0" branch="False" />
              </lines>
            </method>
          </methods>
          <lines>
            <line number="145" hits="0" branch="False" />
            <line number="147" hits="0" branch="True" condition-coverage="0% (0/2)">
              <conditions>
                <condition number="39" type="jump" coverage="0%" />
              </conditions>
            </line>
            <line number="148" hits="0" branch="False" />
            <line number="150" hits="0" branch="True" condition-coverage="0% (0/2)">
              <conditions>
                <condition number="58" type="jump" coverage="0%" />
              </conditions>
            </line>
            <line number="152" hits="0" branch="True" condition-coverage="0% (0/2)">
              <conditions>
                <condition number="71" type="jump" coverage="0%" />
              </conditions>
            </line>
            <line number="153" hits="0" branch="False" />
            <line number="155" hits="0" branch="True" condition-coverage="0% (0/2)">
              <conditions>
                <condition number="104" type="jump" coverage="0%" />
              </conditions>
            </line>
            <line number="156" hits="0" branch="False" />
            <line number="159" hits="0" branch="False" />
            <line number="160" hits="0" branch="False" />
            <line number="161" hits="0" branch="False" />
            <line number="162" hits="0" branch="False" />
          </lines>
        </class>
        <class name="StirlingLabs.Utilities.Collections.AsyncProducerConsumerCollection`1/Consumer" filename="/_/StirlingLabs.Utilities.Collections/AsyncProducerConsumerCollection.Consumer.cs" line-rate="0.5882000000000001" branch-rate="0.2777" complexity="56">
          <methods>
            <method name="System.Collections.IEnumerator.get_Current" signature="()" line-rate="0" branch-rate="1" complexity="1">
              <lines>
                <line number="41" hits="0" branch="False" />
              </lines>
            </method>
            <method name="get_Current" signature="()" line-rate="1" branch-rate="1" complexity="1">
              <lines>
                <line number="48" hits="900" branch="False" />
              </lines>
            </method>
            <method name="set_Current" signature="(T)" line-rate="1" branch-rate="1" complexity="1">
              <lines>
                <line number="50" hits="903" branch="False" />
              </lines>
            </method>
            <method name="get_IsBeingEnumerated" signature="()" line-rate="1" branch-rate="1" complexity="1">
              <lines>
                <line number="55" hits="2" branch="False" />
              </lines>
            </method>
            <method name="set_IsBeingEnumerated" signature="(System.Boolean)" line-rate="1" branch-rate="0.5" complexity="2">
              <lines>
                <line number="56" hits="13703" branch="True" condition-coverage="50% (1/2)">
                  <conditions>
                    <condition number="7" type="jump" coverage="50%" />
                  </conditions>
                </line>
              </lines>
            </method>
            <method name="get_IsEmpty" signature="()" line-rate="1" branch-rate="1" complexity="1">
              <lines>
                <line number="62" hits="14100" branch="False" />
              </lines>
            </method>
            <method name="get_IsCompleted" signature="()" line-rate="1" branch-rate="1" complexity="1">
              <lines>
                <line number="68" hits="13695" branch="False" />
              </lines>
            </method>
            <method name="Equals" signature="(StirlingLabs.Utilities.Collections.AsyncProducerConsumerCollection`1/Consumer&lt;T&gt;)" line-rate="1" branch-rate="1" complexity="1">
              <lines>
                <line number="74" hits="4" branch="False" />
              </lines>
            </method>
            <method name="Equals" signature="(System.Object)" line-rate="1" branch-rate="0.5" complexity="2">
              <lines>
                <line number="79" hits="1" branch="True" condition-coverage="50% (1/2)">
                  <conditions>
                    <condition number="8" type="jump" coverage="50%" />
                  </conditions>
                </line>
              </lines>
            </method>
            <method name="GetHashCode" signature="()" line-rate="1" branch-rate="1" complexity="1">
              <lines>
                <line number="84" hits="1" branch="False" />
              </lines>
            </method>
            <method name="SetCancellationToken" signature="(System.Threading.CancellationToken)" line-rate="0" branch-rate="0" complexity="2">
              <lines>
                <line number="88" hits="0" branch="True" condition-coverage="0% (0/2)">
                  <conditions>
                    <condition number="6" type="jump" coverage="0%" />
                  </conditions>
                </line>
                <line number="89" hits="0" branch="False" />
                <line number="90" hits="0" branch="False" />
              </lines>
            </method>
            <method name="GetAsyncEnumerator" signature="(System.Threading.CancellationToken)" line-rate="0.4" branch-rate="0.5" complexity="2">
              <lines>
                <line number="94" hits="2" branch="True" condition-coverage="50% (1/2)">
                  <conditions>
                    <condition number="6" type="jump" coverage="50%" />
                  </conditions>
                </line>
                <line number="95" hits="2" branch="False" />
                <line number="97" hits="0" branch="False" />
                <line number="98" hits="0" branch="False" />
                <line number="99" hits="0" branch="False" />
              </lines>
            </method>
            <method name="GetEnumerator" signature="()" line-rate="1" branch-rate="1" complexity="1">
              <lines>
                <line number="103" hits="1" branch="False" />
              </lines>
            </method>
            <method name="System.Collections.IEnumerable.GetEnumerator" signature="()" line-rate="0" branch-rate="1" complexity="1">
              <lines>
                <line number="108" hits="0" branch="False" />
              </lines>
            </method>
            <method name="op_Equality" signature="(StirlingLabs.Utilities.Collections.AsyncProducerConsumerCollection`1/Consumer&lt;T&gt;,StirlingLabs.Utilities.Collections.AsyncProducerConsumerCollection`1/Consumer&lt;T&gt;)" line-rate="1" branch-rate="1" complexity="1">
              <lines>
                <line number="112" hits="1" branch="False" />
              </lines>
            </method>
            <method name="op_Inequality" signature="(StirlingLabs.Utilities.Collections.AsyncProducerConsumerCollection`1/Consumer&lt;T&gt;,StirlingLabs.Utilities.Collections.AsyncProducerConsumerCollection`1/Consumer&lt;T&gt;)" line-rate="1" branch-rate="1" complexity="1">
              <lines>
                <line number="116" hits="1" branch="False" />
              </lines>
            </method>
            <method name="MoveNext" signature="()" line-rate="0.8" branch-rate="0.75" complexity="4">
              <lines>
                <line number="139" hits="300" branch="False" />
                <line number="140" hits="300" branch="False" />
                <line number="143" hits="300" branch="True" condition-coverage="50% (1/2)">
                  <conditions>
                    <condition number="31" type="jump" coverage="50%" />
                  </conditions>
                </line>
                <line number="145" hits="300" branch="False" />
                <line number="146" hits="300" branch="False" />
                <line number="148" hits="0" branch="False" />
                <line number="149" hits="0" branch="True" condition-coverage="100% (2/2)">
                  <conditions>
                    <condition number="70" type="jump" coverage="100%" />
                  </conditions>
                </line>
                <line number="150" hits="300" branch="False" />
                <line number="151" hits="300" branch="False" />
                <line number="152" hits="300" branch="False" />
              </lines>
            </method>
            <method name="TryMoveNext" signature="(T&amp;)" line-rate="1" branch-rate="1" complexity="2">
              <lines>
                <line number="162" hits="12800" branch="False" />
                <line number="163" hits="12800" branch="False" />
                <line number="164" hits="12800" branch="True" condition-coverage="100% (2/2)">
                  <conditions>
                    <condition number="30" type="jump" coverage="100%" />
                  </conditions>
                </line>
                <line number="165" hits="2000" branch="False" />
                <line number="167" hits="10800" branch="False" />
                <line number="168" hits="10800" branch="False" />
                <line number="169" hits="10800" branch="False" />
                <line number="170" hits="10800" branch="False" />
              </lines>
            </method>
            <method name="ExchangeCurrent" signature="(T)" line-rate="0.2" branch-rate="0.0909" complexity="11">
              <lines>
                <line number="178" hits="903" branch="True" condition-coverage="50% (1/2)">
                  <conditions>
                    <condition number="5" type="jump" coverage="50%" />
                  </conditions>
                </line>
                <line number="180" hits="903" branch="False" />
                <line number="181" hits="903" branch="False" />
                <line number="184" hits="0" branch="True" condition-coverage="0% (0/9)">
                  <conditions>
                    <condition number="52" type="switch" coverage="0%" />
                  </conditions>
                </line>
                <line number="187" hits="0" branch="False" />
                <line number="188" hits="0" branch="False" />
                <line number="189" hits="0" branch="False" />
                <line number="192" hits="0" branch="False" />
                <line number="193" hits="0" branch="False" />
                <line number="194" hits="0" branch="False" />
                <line number="199" hits="0" branch="False" />
                <line number="200" hits="0" branch="False" />
                <line number="201" hits="0" branch="False" />
                <line number="202" hits="0" branch="False" />
                <line number="205" hits="0" branch="False" />
              </lines>
            </method>
            <method name="ExchangeCurrentWithDefault" signature="()" line-rate="0.2727" branch-rate="0.0909" complexity="11">
              <lines>
                <line number="214" hits="11700" branch="True" condition-coverage="50% (1/2)">
                  <conditions>
                    <condition number="5" type="jump" coverage="50%" />
                  </conditions>
                </line>
                <line number="216" hits="11700" branch="False" />
                <line number="217" hits="11700" branch="False" />
                <line number="219" hits="0" branch="True" condition-coverage="0% (0/9)">
                  <conditions>
                    <condition number="47" type="switch" coverage="0%" />
                  </conditions>
                </line>
                <line number="222" hits="0" branch="False" />
                <line number="223" hits="0" branch="False" />
                <line number="226" hits="0" branch="False" />
                <line number="227" hits="0" branch="False" />
                <line number="232" hits="0" branch="False" />
                <line number="233" hits="0" branch="False" />
                <line number="236" hits="0" branch="False" />
              </lines>
            </method>
            <method name="SetCurrentToDefault" signature="()" line-rate="0" branch-rate="1" complexity="1">
              <lines>
                <line number="246" hits="0" branch="False" />
                <line number="247" hits="0" branch="False" />
              </lines>
            </method>
            <method name="Dispose" signature="()" line-rate="1" branch-rate="1" complexity="1">
              <lines>
                <line number="251" hits="3" branch="False" />
                <line number="252" hits="3" branch="False" />
                <line number="253" hits="3" branch="False" />
              </lines>
            </method>
            <method name="DisposeAsync" signature="()" line-rate="1" branch-rate="1" complexity="1">
              <lines>
                <line number="257" hits="2" branch="False" />
                <line number="258" hits="2" branch="False" />
              </lines>
            </method>
            <method name="Reset" signature="()" line-rate="0" branch-rate="1" complexity="1">
              <lines>
                <line number="262" hits="0" branch="False" />
              </lines>
            </method>
            <method name="WaitForAvailableAsync" signature="(System.Boolean,System.Threading.CancellationToken)" line-rate="0" branch-rate="1" complexity="1">
              <lines>
                <line number="265" hits="0" branch="False" />
              </lines>
            </method>
            <method name="&lt;SetCurrentToDefault&gt;g__Discard|34_0" signature="(T)" line-rate="0" branch-rate="1" complexity="1">
              <lines>
                <line number="244" hits="0" branch="False" />
              </lines>
            </method>
            <method name=".ctor" signature="(StirlingLabs.Utilities.Collections.AsyncProducerConsumerCollection`1&lt;T&gt;,System.Threading.CancellationToken)" line-rate="1" branch-rate="1" complexity="1">
              <lines>
                <line number="32" hits="7" branch="False" />
                <line number="34" hits="7" branch="False" />
                <line number="35" hits="7" branch="False" />
                <line number="36" hits="7" branch="False" />
                <line number="37" hits="7" branch="False" />
                <line number="38" hits="7" branch="False" />
                <line number="39" hits="7" branch="False" />
              </lines>
            </method>
            <method name=".cctor" signature="()" line-rate="1" branch-rate="1" complexity="1">
              <lines>
                <line number="19" hits="1" branch="False" />
                <line number="20" hits="1" branch="False" />
              </lines>
            </method>
          </methods>
          <lines>
            <line number="41" hits="0" branch="False" />
            <line number="48" hits="900" branch="False" />
            <line number="50" hits="903" branch="False" />
            <line number="55" hits="2" branch="False" />
            <line number="56" hits="13703" branch="True" condition-coverage="50% (1/2)">
              <conditions>
                <condition number="7" type="jump" coverage="50%" />
              </conditions>
            </line>
            <line number="62" hits="14100" branch="False" />
            <line number="68" hits="13695" branch="False" />
            <line number="74" hits="4" branch="False" />
            <line number="79" hits="1" branch="True" condition-coverage="50% (1/2)">
              <conditions>
                <condition number="8" type="jump" coverage="50%" />
              </conditions>
            </line>
            <line number="84" hits="1" branch="False" />
            <line number="88" hits="0" branch="True" condition-coverage="0% (0/2)">
              <conditions>
                <condition number="6" type="jump" coverage="0%" />
              </conditions>
            </line>
            <line number="89" hits="0" branch="False" />
            <line number="90" hits="0" branch="False" />
            <line number="94" hits="2" branch="True" condition-coverage="50% (1/2)">
              <conditions>
                <condition number="6" type="jump" coverage="50%" />
              </conditions>
            </line>
            <line number="95" hits="2" branch="False" />
            <line number="97" hits="0" branch="False" />
            <line number="98" hits="0" branch="False" />
            <line number="99" hits="0" branch="False" />
            <line number="103" hits="1" branch="False" />
            <line number="108" hits="0" branch="False" />
            <line number="112" hits="1" branch="False" />
            <line number="116" hits="1" branch="False" />
            <line number="139" hits="300" branch="False" />
            <line number="140" hits="300" branch="False" />
            <line number="143" hits="300" branch="True" condition-coverage="50% (1/2)">
              <conditions>
                <condition number="31" type="jump" coverage="50%" />
              </conditions>
            </line>
            <line number="145" hits="300" branch="False" />
            <line number="146" hits="300" branch="False" />
            <line number="148" hits="0" branch="False" />
            <line number="149" hits="0" branch="True" condition-coverage="100% (2/2)">
              <conditions>
                <condition number="70" type="jump" coverage="100%" />
              </conditions>
            </line>
            <line number="150" hits="300" branch="False" />
            <line number="151" hits="300" branch="False" />
            <line number="152" hits="300" branch="False" />
            <line number="162" hits="12800" branch="False" />
            <line number="163" hits="12800" branch="False" />
            <line number="164" hits="12800" branch="True" condition-coverage="100% (2/2)">
              <conditions>
                <condition number="30" type="jump" coverage="100%" />
              </conditions>
            </line>
            <line number="165" hits="2000" branch="False" />
            <line number="167" hits="10800" branch="False" />
            <line number="168" hits="10800" branch="False" />
            <line number="169" hits="10800" branch="False" />
            <line number="170" hits="10800" branch="False" />
            <line number="178" hits="903" branch="True" condition-coverage="50% (1/2)">
              <conditions>
                <condition number="5" type="jump" coverage="50%" />
              </conditions>
            </line>
            <line number="180" hits="903" branch="False" />
            <line number="181" hits="903" branch="False" />
            <line number="184" hits="0" branch="True" condition-coverage="0% (0/9)">
              <conditions>
                <condition number="52" type="switch" coverage="0%" />
              </conditions>
            </line>
            <line number="187" hits="0" branch="False" />
            <line number="188" hits="0" branch="False" />
            <line number="189" hits="0" branch="False" />
            <line number="192" hits="0" branch="False" />
            <line number="193" hits="0" branch="False" />
            <line number="194" hits="0" branch="False" />
            <line number="199" hits="0" branch="False" />
            <line number="200" hits="0" branch="False" />
            <line number="201" hits="0" branch="False" />
            <line number="202" hits="0" branch="False" />
            <line number="205" hits="0" branch="False" />
            <line number="214" hits="11700" branch="True" condition-coverage="50% (1/2)">
              <conditions>
                <condition number="5" type="jump" coverage="50%" />
              </conditions>
            </line>
            <line number="216" hits="11700" branch="False" />
            <line number="217" hits="11700" branch="False" />
            <line number="219" hits="0" branch="True" condition-coverage="0% (0/9)">
              <conditions>
                <condition number="47" type="switch" coverage="0%" />
              </conditions>
            </line>
            <line number="222" hits="0" branch="False" />
            <line number="223" hits="0" branch="False" />
            <line number="226" hits="0" branch="False" />
            <line number="227" hits="0" branch="False" />
            <line number="232" hits="0" branch="False" />
            <line number="233" hits="0" branch="False" />
            <line number="236" hits="0" branch="False" />
            <line number="246" hits="0" branch="False" />
            <line number="247" hits="0" branch="False" />
            <line number="251" hits="3" branch="False" />
            <line number="252" hits="3" branch="False" />
            <line number="253" hits="3" branch="False" />
            <line number="257" hits="2" branch="False" />
            <line number="258" hits="2" branch="False" />
            <line number="262" hits="0" branch="False" />
            <line number="265" hits="0" branch="False" />
            <line number="244" hits="0" branch="False" />
            <line number="32" hits="7" branch="False" />
            <line number="34" hits="7" branch="False" />
            <line number="35" hits="7" branch="False" />
            <line number="36" hits="7" branch="False" />
            <line number="37" hits="7" branch="False" />
            <line number="38" hits="7" branch="False" />
            <line number="39" hits="7" branch="False" />
            <line number="19" hits="1" branch="False" />
            <line number="20" hits="1" branch="False" />
          </lines>
        </class>
        <class name="StirlingLabs.Utilities.Collections.AsyncProducerConsumerCollection`1/Consumer/&lt;MoveNextAsync&gt;d__29" filename="/_/StirlingLabs.Utilities.Collections/AsyncProducerConsumerCollection.Consumer.cs" line-rate="0.8181" branch-rate="0.75" complexity="4">
          <methods>
            <method name="MoveNext" signature="()" line-rate="0.8181" branch-rate="0.75" complexity="4">
              <lines>
                <line number="121" hits="600" branch="False" />
                <line number="122" hits="600" branch="False" />
                <line number="125" hits="600" branch="True" condition-coverage="50% (1/2)">
                  <conditions>
                    <condition number="48" type="jump" coverage="50%" />
                  </conditions>
                </line>
                <line number="127" hits="600" branch="False" />
                <line number="128" hits="600" branch="False" />
                <line number="130" hits="0" branch="False" />
                <line number="131" hits="0" branch="True" condition-coverage="100% (2/2)">
                  <conditions>
                    <condition number="176" type="jump" coverage="100%" />
                  </conditions>
                </line>
                <line number="132" hits="600" branch="False" />
                <line number="133" hits="600" branch="False" />
                <line number="134" hits="600" branch="False" />
                <line number="135" hits="600" branch="False" />
              </lines>
            </method>
          </methods>
          <lines>
            <line number="121" hits="600" branch="False" />
            <line number="122" hits="600" branch="False" />
            <line number="125" hits="600" branch="True" condition-coverage="50% (1/2)">
              <conditions>
                <condition number="48" type="jump" coverage="50%" />
              </conditions>
            </line>
            <line number="127" hits="600" branch="False" />
            <line number="128" hits="600" branch="False" />
            <line number="130" hits="0" branch="False" />
            <line number="131" hits="0" branch="True" condition-coverage="100% (2/2)">
              <conditions>
                <condition number="176" type="jump" coverage="100%" />
              </conditions>
            </line>
            <line number="132" hits="600" branch="False" />
            <line number="133" hits="600" branch="False" />
            <line number="134" hits="600" branch="False" />
            <line number="135" hits="600" branch="False" />
          </lines>
        </class>
        <class name="StirlingLabs.Utilities.Collections.ConcurrentBijectiveSet`2" filename="/_/StirlingLabs.Utilities.Collections/ConcurrentBijectiveSet.cs" line-rate="0" branch-rate="0" complexity="39">
          <methods>
            <method name="get_IsSynced" signature="()" line-rate="0" branch-rate="1" complexity="1">
              <lines>
                <line number="32" hits="0" branch="False" />
              </lines>
            </method>
            <method name="get_Count" signature="()" line-rate="0" branch-rate="1" complexity="1">
              <lines>
                <line number="36" hits="0" branch="False" />
              </lines>
            </method>
            <method name="TryAdd" signature="(TLeft,TRight)" line-rate="0" branch-rate="0" complexity="4">
              <lines>
                <line number="74" hits="0" branch="True" condition-coverage="0% (0/2)">
                  <conditions>
                    <condition number="13" type="jump" coverage="0%" />
                  </conditions>
                </line>
                <line number="75" hits="0" branch="False" />
                <line number="77" hits="0" branch="True" condition-coverage="0% (0/2)">
                  <conditions>
                    <condition number="30" type="jump" coverage="0%" />
                  </conditions>
                </line>
                <line number="78" hits="0" branch="False" />
                <line number="80" hits="0" branch="False" />
                <line number="81" hits="0" branch="False" />
              </lines>
            </method>
            <method name="GetOrAdd" signature="(TLeft,TRight)" line-rate="0" branch-rate="0" complexity="2">
              <lines>
                <line number="91" hits="0" branch="False" />
                <line number="93" hits="0" branch="True" condition-coverage="0% (0/2)">
                  <conditions>
                    <condition number="33" type="jump" coverage="0%" />
                  </conditions>
                </line>
                <line number="94" hits="0" branch="False" />
                <line number="96" hits="0" branch="False" />
              </lines>
            </method>
            <method name="GetOrAdd" signature="(TRight,TLeft)" line-rate="0" branch-rate="0" complexity="2">
              <lines>
                <line number="105" hits="0" branch="False" />
                <line number="107" hits="0" branch="True" condition-coverage="0% (0/2)">
                  <conditions>
                    <condition number="33" type="jump" coverage="0%" />
                  </conditions>
                </line>
                <line number="108" hits="0" branch="False" />
                <line number="110" hits="0" branch="False" />
              </lines>
            </method>
            <method name="AddOrUpdate" signature="(TLeft,TRight)" line-rate="0" branch-rate="0" complexity="4">
              <lines>
                <line number="120" hits="0" branch="True" condition-coverage="0% (0/2)">
                  <conditions>
                    <condition number="13" type="jump" coverage="0%" />
                  </conditions>
                </line>
                <line number="121" hits="0" branch="False" />
                <line number="123" hits="0" branch="True" condition-coverage="0% (0/2)">
                  <conditions>
                    <condition number="41" type="jump" coverage="0%" />
                  </conditions>
                </line>
                <line number="124" hits="0" branch="False" />
                <line number="125" hits="0" branch="False" />
              </lines>
            </method>
            <method name="TryRemove" signature="(TLeft,TRight&amp;)" line-rate="0" branch-rate="0" complexity="2">
              <lines>
                <line number="140" hits="0" branch="True" condition-coverage="0% (0/2)">
                  <conditions>
                    <condition number="13" type="jump" coverage="0%" />
                  </conditions>
                </line>
                <line number="141" hits="0" branch="False" />
                <line number="143" hits="0" branch="False" />
                <line number="145" hits="0" branch="False" />
              </lines>
            </method>
            <method name="TryRemove" signature="(TRight,TLeft&amp;)" line-rate="0" branch-rate="0" complexity="2">
              <lines>
                <line number="160" hits="0" branch="True" condition-coverage="0% (0/2)">
                  <conditions>
                    <condition number="13" type="jump" coverage="0%" />
                  </conditions>
                </line>
                <line number="161" hits="0" branch="False" />
                <line number="163" hits="0" branch="False" />
                <line number="165" hits="0" branch="False" />
              </lines>
            </method>
            <method name="Contains" signature="(TLeft)" line-rate="0" branch-rate="1" complexity="1">
              <lines>
                <line number="174" hits="0" branch="False" />
              </lines>
            </method>
            <method name="Contains" signature="(TRight)" line-rate="0" branch-rate="1" complexity="1">
              <lines>
                <line number="182" hits="0" branch="False" />
              </lines>
            </method>
            <method name="Clear" signature="()" line-rate="0" branch-rate="1" complexity="1">
              <lines>
                <line number="189" hits="0" branch="False" />
                <line number="190" hits="0" branch="False" />
                <line number="191" hits="0" branch="False" />
              </lines>
            </method>
            <method name="get_Item" signature="(TLeft)" line-rate="0" branch-rate="1" complexity="1">
              <lines>
                <line number="199" hits="0" branch="False" />
              </lines>
            </method>
            <method name="get_Item" signature="(TRight)" line-rate="0" branch-rate="1" complexity="1">
              <lines>
                <line number="208" hits="0" branch="False" />
              </lines>
            </method>
            <method name="TryGet" signature="(TLeft,TRight&amp;)" line-rate="0" branch-rate="1" complexity="1">
              <lines>
                <line number="222" hits="0" branch="False" />
              </lines>
            </method>
            <method name="TryGet" signature="(TRight,TLeft&amp;)" line-rate="0" branch-rate="1" complexity="1">
              <lines>
                <line number="235" hits="0" branch="False" />
              </lines>
            </method>
            <method name="GetEnumerator" signature="()" line-rate="0" branch-rate="0" complexity="2">
              <lines>
                <line number="242" hits="0" branch="True" condition-coverage="0% (0/2)">
                  <conditions>
                    <condition number="12" type="jump" coverage="0%" />
                  </conditions>
                </line>
                <line number="243" hits="0" branch="False" />
                <line number="244" hits="0" branch="False" />
              </lines>
            </method>
            <method name="System.Collections.IEnumerable.GetEnumerator" signature="()" line-rate="0" branch-rate="1" complexity="1">
              <lines>
                <line number="251" hits="0" branch="False" />
              </lines>
            </method>
            <method name=".ctor" signature="()" line-rate="0" branch-rate="1" complexity="1">
              <lines>
                <line number="39" hits="0" branch="False" />
                <line number="41" hits="0" branch="False" />
                <line number="42" hits="0" branch="False" />
                <line number="43" hits="0" branch="False" />
              </lines>
            </method>
            <method name=".ctor" signature="(System.Collections.Generic.IEnumerable`1&lt;System.Collections.Generic.KeyValuePair`2&lt;TLeft,TRight&gt;&gt;)" line-rate="0" branch-rate="0" complexity="6">
              <lines>
                <line number="47" hits="0" branch="False" />
                <line number="49" hits="0" branch="True" condition-coverage="0% (0/2)">
                  <conditions>
                    <condition number="7" type="jump" coverage="0%" />
                  </conditions>
                </line>
                <line number="50" hits="0" branch="True" condition-coverage="0% (0/2)">
                  <conditions>
                    <condition number="27" type="jump" coverage="0%" />
                  </conditions>
                </line>
                <line number="51" hits="0" branch="False" />
                <line number="52" hits="0" branch="True" condition-coverage="0% (0/2)">
                  <conditions>
                    <condition number="57" type="jump" coverage="0%" />
                  </conditions>
                </line>
                <line number="53" hits="0" branch="False" />
              </lines>
            </method>
            <method name=".ctor" signature="(System.Collections.Generic.IEqualityComparer`1&lt;TLeft&gt;,System.Collections.Generic.IEqualityComparer`1&lt;TRight&gt;)" line-rate="0" branch-rate="0" complexity="4">
              <lines>
                <line number="58" hits="0" branch="False" />
                <line number="60" hits="0" branch="True" condition-coverage="0% (0/2)">
                  <conditions>
                    <condition number="7" type="jump" coverage="0%" />
                  </conditions>
                </line>
                <line number="61" hits="0" branch="True" condition-coverage="0% (0/2)">
                  <conditions>
                    <condition number="21" type="jump" coverage="0%" />
                  </conditions>
                </line>
                <line number="62" hits="0" branch="False" />
                <line number="63" hits="0" branch="False" />
                <line number="64" hits="0" branch="False" />
              </lines>
            </method>
          </methods>
          <lines>
            <line number="32" hits="0" branch="False" />
            <line number="36" hits="0" branch="False" />
            <line number="74" hits="0" branch="True" condition-coverage="0% (0/2)">
              <conditions>
                <condition number="13" type="jump" coverage="0%" />
              </conditions>
            </line>
            <line number="75" hits="0" branch="False" />
            <line number="77" hits="0" branch="True" condition-coverage="0% (0/2)">
              <conditions>
                <condition number="30" type="jump" coverage="0%" />
              </conditions>
            </line>
            <line number="78" hits="0" branch="False" />
            <line number="80" hits="0" branch="False" />
            <line number="81" hits="0" branch="False" />
            <line number="91" hits="0" branch="False" />
            <line number="93" hits="0" branch="True" condition-coverage="0% (0/2)">
              <conditions>
                <condition number="33" type="jump" coverage="0%" />
              </conditions>
            </line>
            <line number="94" hits="0" branch="False" />
            <line number="96" hits="0" branch="False" />
            <line number="105" hits="0" branch="False" />
            <line number="107" hits="0" branch="True" condition-coverage="0% (0/2)">
              <conditions>
                <condition number="33" type="jump" coverage="0%" />
              </conditions>
            </line>
            <line number="108" hits="0" branch="False" />
            <line number="110" hits="0" branch="False" />
            <line number="120" hits="0" branch="True" condition-coverage="0% (0/2)">
              <conditions>
                <condition number="13" type="jump" coverage="0%" />
              </conditions>
            </line>
            <line number="121" hits="0" branch="False" />
            <line number="123" hits="0" branch="True" condition-coverage="0% (0/2)">
              <conditions>
                <condition number="41" type="jump" coverage="0%" />
              </conditions>
            </line>
            <line number="124" hits="0" branch="False" />
            <line number="125" hits="0" branch="False" />
            <line number="140" hits="0" branch="True" condition-coverage="0% (0/2)">
              <conditions>
                <condition number="13" type="jump" coverage="0%" />
              </conditions>
            </line>
            <line number="141" hits="0" branch="False" />
            <line number="143" hits="0" branch="False" />
            <line number="145" hits="0" branch="False" />
            <line number="160" hits="0" branch="True" condition-coverage="0% (0/2)">
              <conditions>
                <condition number="13" type="jump" coverage="0%" />
              </conditions>
            </line>
            <line number="161" hits="0" branch="False" />
            <line number="163" hits="0" branch="False" />
            <line number="165" hits="0" branch="False" />
            <line number="174" hits="0" branch="False" />
            <line number="182" hits="0" branch="False" />
            <line number="189" hits="0" branch="False" />
            <line number="190" hits="0" branch="False" />
            <line number="191" hits="0" branch="False" />
            <line number="199" hits="0" branch="False" />
            <line number="208" hits="0" branch="False" />
            <line number="222" hits="0" branch="False" />
            <line number="235" hits="0" branch="False" />
            <line number="242" hits="0" branch="True" condition-coverage="0% (0/2)">
              <conditions>
                <condition number="12" type="jump" coverage="0%" />
              </conditions>
            </line>
            <line number="243" hits="0" branch="False" />
            <line number="244" hits="0" branch="False" />
            <line number="251" hits="0" branch="False" />
            <line number="39" hits="0" branch="False" />
            <line number="41" hits="0" branch="False" />
            <line number="42" hits="0" branch="False" />
            <line number="43" hits="0" branch="False" />
            <line number="47" hits="0" branch="False" />
            <line number="49" hits="0" branch="True" condition-coverage="0% (0/2)">
              <conditions>
                <condition number="7" type="jump" coverage="0%" />
              </conditions>
            </line>
            <line number="50" hits="0" branch="True" condition-coverage="0% (0/2)">
              <conditions>
                <condition number="27" type="jump" coverage="0%" />
              </conditions>
            </line>
            <line number="51" hits="0" branch="False" />
            <line number="52" hits="0" branch="True" condition-coverage="0% (0/2)">
              <conditions>
                <condition number="57" type="jump" coverage="0%" />
              </conditions>
            </line>
            <line number="53" hits="0" branch="False" />
[...]
              </lines>
            </method>
          </methods>
          <lines>
            <line number="79" hits="0" branch="True" condition-coverage="0% (0/2)">
              <conditions>
                <condition number="11" type="jump" coverage="0%" />
              </conditions>
            </line>
            <line number="80" hits="0" branch="False" />
            <line number="81" hits="0" branch="False" />
            <line number="84" hits="0" branch="True" condition-coverage="0% (0/2)">
              <conditions>
                <condition number="11" type="jump" coverage="0%" />
              </conditions>
            </line>
            <line number="85" hits="0" branch="False" />
            <line number="86" hits="0" branch="False" />
            <line number="87" hits="0" branch="False" />
            <line number="94" hits="0" branch="False" />
            <line number="97" hits="0" branch="False" />
            <line number="104" hits="0" branch="True" condition-coverage="0% (0/2)">
              <conditions>
                <condition number="11" type="jump" coverage="0%" />
              </conditions>
            </line>
            <line number="105" hits="0" branch="False" />
            <line number="106" hits="0" branch="False" />
            <line number="114" hits="0" branch="False" />
            <line number="121" hits="10796" branch="True" condition-coverage="50% (1/2)">
              <conditions>
                <condition number="11" type="jump" coverage="50%" />
              </conditions>
            </line>
            <line number="122" hits="0" branch="False" />
            <line number="123" hits="10796" branch="False" />
            <line number="131" hits="21592" branch="True" condition-coverage="100% (2/2)">
              <conditions>
                <condition number="12" type="jump" coverage="100%" />
              </conditions>
            </line>
            <line number="138" hits="2398" branch="True" condition-coverage="50% (1/2)">
              <conditions>
                <condition number="11" type="jump" coverage="50%" />
              </conditions>
            </line>
            <line number="139" hits="0" branch="False" />
            <line number="140" hits="2398" branch="False" />
            <line number="148" hits="4796" branch="True" condition-coverage="100% (2/2)">
              <conditions>
                <condition number="12" type="jump" coverage="100%" />
              </conditions>
            </line>
            <line number="155" hits="10800" branch="True" condition-coverage="50% (1/2)">
              <conditions>
                <condition number="11" type="jump" coverage="50%" />
              </conditions>
            </line>
            <line number="156" hits="0" branch="False" />
            <line number="157" hits="10800" branch="False" />
            <line number="165" hits="21605" branch="True" condition-coverage="100% (2/2)">
              <conditions>
                <condition number="12" type="jump" coverage="100%" />
              </conditions>
            </line>
            <line number="170" hits="13198" branch="True" condition-coverage="50% (1/2)">
              <conditions>
                <condition number="11" type="jump" coverage="50%" />
              </conditions>
            </line>
            <line number="171" hits="0" branch="False" />
            <line number="172" hits="13198" branch="False" />
            <line number="177" hits="10800" branch="True" condition-coverage="50% (1/2)">
              <conditions>
                <condition number="1" type="jump" coverage="50%" />
              </conditions>
            </line>
            <line number="178" hits="21600" branch="False" />
            <line number="179" hits="10800" branch="False" />
            <line number="183" hits="0" branch="True" condition-coverage="0% (0/2)">
              <conditions>
                <condition number="1" type="jump" coverage="0%" />
              </conditions>
            </line>
            <line number="184" hits="0" branch="False" />
            <line number="185" hits="0" branch="False" />
            <line number="189" hits="0" branch="True" condition-coverage="0% (0/2)">
              <conditions>
                <condition number="1" type="jump" coverage="0%" />
              </conditions>
            </line>
            <line number="190" hits="0" branch="False" />
            <line number="191" hits="0" branch="False" />
            <line number="195" hits="10800" branch="True" condition-coverage="50% (1/2)">
              <conditions>
                <condition number="1" type="jump" coverage="50%" />
              </conditions>
            </line>
            <line number="196" hits="21600" branch="False" />
            <line number="197" hits="10800" branch="False" />
            <line number="200" hits="0" branch="False" />
            <line number="203" hits="4" branch="False" />
            <line number="283" hits="12" branch="True" condition-coverage="100% (2/2)">
              <conditions>
                <condition number="30" type="jump" coverage="100%" />
              </conditions>
            </line>
            <line number="284" hits="4" branch="False" />
            <line number="285" hits="2" branch="False" />
            <line number="53" hits="0" branch="True" condition-coverage="0% (0/2)">
              <conditions>
                <condition number="8" type="jump" coverage="0%" />
              </conditions>
            </line>
            <line number="56" hits="0" branch="True" condition-coverage="0% (0/2)">
              <conditions>
                <condition number="8" type="jump" coverage="0%" />
              </conditions>
            </line>
            <line number="58" hits="0" branch="False" />
            <line number="46" hits="2" branch="False" />
            <line number="50" hits="2" branch="False" />
            <line number="59" hits="2" branch="False" />
            <line number="60" hits="2" branch="False" />
            <line number="63" hits="0" branch="False" />
            <line number="64" hits="0" branch="False" />
            <line number="66" hits="0" branch="False" />
            <line number="67" hits="0" branch="False" />
            <line number="69" hits="0" branch="False" />
            <line number="70" hits="0" branch="False" />
            <line number="72" hits="0" branch="False" />
            <line number="73" hits="0" branch="False" />
          </lines>
        </class>
        <class name="StirlingLabs.Utilities.Collections.FairAsyncConsumerIMux`1/DebugView" filename="/_/StirlingLabs.Utilities.Collections/FairAsyncConsumerIMux.cs" line-rate="0" branch-rate="1" complexity="7">
          <methods>
            <method name="get_Lock" signature="()" line-rate="0" branch-rate="1" complexity="1">
              <lines>
                <line number="38" hits="0" branch="False" />
              </lines>
            </method>
            <method name="get_RealIndex" signature="()" line-rate="0" branch-rate="1" complexity="1">
              <lines>
                <line number="39" hits="0" branch="False" />
              </lines>
            </method>
            <method name="get_Index" signature="()" line-rate="0" branch-rate="1" complexity="1">
              <lines>
                <line number="40" hits="0" branch="False" />
              </lines>
            </method>
            <method name="get_HasAny" signature="()" line-rate="0" branch-rate="1" complexity="1">
              <lines>
                <line number="41" hits="0" branch="False" />
              </lines>
            </method>
            <method name="get_IsEmpty" signature="()" line-rate="0" branch-rate="1" complexity="1">
              <lines>
                <line number="42" hits="0" branch="False" />
              </lines>
            </method>
            <method name="get_IsCompleted" signature="()" line-rate="0" branch-rate="1" complexity="1">
              <lines>
                <line number="43" hits="0" branch="False" />
              </lines>
            </method>
            <method name=".ctor" signature="(StirlingLabs.Utilities.Collections.FairAsyncConsumerIMux`1&lt;T&gt;)" line-rate="0" branch-rate="1" complexity="1">
              <lines>
                <line number="35" hits="0" branch="False" />
                <line number="36" hits="0" branch="False" />
              </lines>
            </method>
          </methods>
          <lines>
            <line number="38" hits="0" branch="False" />
            <line number="39" hits="0" branch="False" />
            <line number="40" hits="0" branch="False" />
            <line number="41" hits="0" branch="False" />
            <line number="42" hits="0" branch="False" />
            <line number="43" hits="0" branch="False" />
            <line number="35" hits="0" branch="False" />
            <line number="36" hits="0" branch="False" />
          </lines>
        </class>
        <class name="StirlingLabs.Utilities.Collections.FairAsyncConsumerIMux`1/Enumerator" filename="/_/StirlingLabs.Utilities.Collections/FairAsyncConsumerIMux.cs" line-rate="0.9545" branch-rate="0.8332999999999999" complexity="10">
          <methods>
            <method name="DisposeAsync" signature="()" line-rate="1" branch-rate="1" complexity="1">
              <lines>
                <line number="220" hits="4" branch="False" />
                <line number="221" hits="4" branch="False" />
              </lines>
            </method>
            <method name="Dispose" signature="()" line-rate="1" branch-rate="1" complexity="1">
              <lines>
                <line number="226" hits="4" branch="False" />
                <line number="227" hits="4" branch="False" />
                <line number="228" hits="4" branch="False" />
              </lines>
            </method>
            <method name="TryConsume" signature="(StirlingLabs.Utilities.Collections.FairAsyncConsumerIMux`1&lt;T&gt;,System.Object)" line-rate="0.909" branch-rate="0.8332999999999999" complexity="6">
              <lines>
                <line number="256" hits="10800" branch="False" />
                <line number="259" hits="13198" branch="False" />
                <line number="260" hits="13198" branch="False" />
                <line number="261" hits="13198" branch="True" condition-coverage="100% (2/2)">
                  <conditions>
                    <condition number="26" type="jump" coverage="100%" />
                  </conditions>
                </line>
                <line number="264" hits="2398" branch="True" condition-coverage="100% (2/2)">
                  <conditions>
                    <condition number="34" type="jump" coverage="100%" />
                  </conditions>
                </line>
                <line number="265" hits="399" branch="False" />
                <line number="266" hits="399" branch="False" />
                <line number="268" hits="10800" branch="False" />
                <line number="269" hits="10800" branch="False" />
                <line number="270" hits="2398" branch="True" condition-coverage="50% (1/2)">
                  <conditions>
                    <condition number="61" type="jump" coverage="50%" />
                  </conditions>
                </line>
                <line number="271" hits="0" branch="False" />
              </lines>
            </method>
            <method name="get_Current" signature="()" line-rate="1" branch-rate="1" complexity="1">
              <lines>
                <line number="278" hits="21608" branch="False" />
              </lines>
            </method>
            <method name=".ctor" signature="(StirlingLabs.Utilities.Collections.FairAsyncConsumerIMux`1&lt;T&gt;,System.Threading.CancellationToken)" line-rate="1" branch-rate="1" complexity="1">
              <lines>
                <line number="211" hits="4" branch="False" />
                <line number="213" hits="4" branch="False" />
                <line number="214" hits="4" branch="False" />
                <line number="215" hits="4" branch="False" />
                <line number="216" hits="4" branch="False" />
              </lines>
            </method>
          </methods>
          <lines>
            <line number="220" hits="4" branch="False" />
            <line number="221" hits="4" branch="False" />
            <line number="226" hits="4" branch="False" />
            <line number="227" hits="4" branch="False" />
            <line number="228" hits="4" branch="False" />
            <line number="256" hits="10800" branch="False" />
            <line number="259" hits="13198" branch="False" />
            <line number="260" hits="13198" branch="False" />
            <line number="261" hits="13198" branch="True" condition-coverage="100% (2/2)">
              <conditions>
                <condition number="26" type="jump" coverage="100%" />
              </conditions>
            </line>
            <line number="264" hits="2398" branch="True" condition-coverage="100% (2/2)">
              <conditions>
                <condition number="34" type="jump" coverage="100%" />
              </conditions>
            </line>
            <line number="265" hits="399" branch="False" />
            <line number="266" hits="399" branch="False" />
            <line number="268" hits="10800" branch="False" />
            <line number="269" hits="10800" branch="False" />
            <line number="270" hits="2398" branch="True" condition-coverage="50% (1/2)">
              <conditions>
                <condition number="61" type="jump" coverage="50%" />
              </conditions>
            </line>
            <line number="271" hits="0" branch="False" />
            <line number="278" hits="21608" branch="False" />
            <line number="211" hits="4" branch="False" />
            <line number="213" hits="4" branch="False" />
            <line number="214" hits="4" branch="False" />
            <line number="215" hits="4" branch="False" />
            <line number="216" hits="4" branch="False" />
          </lines>
        </class>
        <class name="StirlingLabs.Utilities.Collections.FairAsyncConsumerIMux`1/Enumerator/&lt;&gt;c" filename="/_/StirlingLabs.Utilities.Collections/FairAsyncConsumerIMux.cs" line-rate="0" branch-rate="1" complexity="1">
          <methods>
            <method name="&lt;MoveNextAsync&gt;b__5_0" signature="(StirlingLabs.Utilities.Collections.IAsyncConsumer`1&lt;T&gt;)" line-rate="0" branch-rate="1" complexity="1">
              <lines>
                <line number="238" hits="0" branch="False" />
              </lines>
            </method>
          </methods>
          <lines>
            <line number="238" hits="0" branch="False" />
          </lines>
        </class>
        <class name="StirlingLabs.Utilities.Collections.FairAsyncConsumerIMux`1/Enumerator/&lt;&gt;c__DisplayClass5_0" filename="/_/StirlingLabs.Utilities.Collections/FairAsyncConsumerIMux.cs" line-rate="0" branch-rate="1" complexity="1">
          <methods>
            <method name="&lt;MoveNextAsync&gt;b__1" signature="(StirlingLabs.Utilities.Collections.IAsyncConsumer`1&lt;T&gt;)" line-rate="0" branch-rate="1" complexity="1">
              <lines>
                <line number="239" hits="0" branch="False" />
              </lines>
            </method>
          </methods>
          <lines>
            <line number="239" hits="0" branch="False" />
          </lines>
        </class>
        <class name="StirlingLabs.Utilities.Collections.FairAsyncConsumerIMux`1/Enumerator/&lt;MoveNextAsync&gt;d__5" filename="/_/StirlingLabs.Utilities.Collections/FairAsyncConsumerIMux.cs" line-rate="0.30760000000000004" branch-rate="0.2" complexity="10">
          <methods>
            <method name="MoveNext" signature="()" line-rate="0.30760000000000004" branch-rate="0.2" complexity="10">
              <lines>
                <line number="232" hits="10800" branch="True" condition-coverage="50% (1/2)">
                  <conditions>
                    <condition number="68" type="jump" coverage="50%" />
                  </conditions>
                </line>
                <line number="233" hits="10800" branch="True" condition-coverage="50% (1/2)">
                  <conditions>
                    <condition number="350" type="jump" coverage="50%" />
                  </conditions>
                </line>
                <line number="237" hits="0" branch="True" condition-coverage="0% (0/4)">
                  <conditions>
                    <condition number="104" type="jump" coverage="0%" />
                    <condition number="146" type="jump" coverage="0%" />
                  </conditions>
                </line>
                <line number="240" hits="0" branch="False" />
                <line number="242" hits="0" branch="True" condition-coverage="0% (0/2)">
                  <conditions>
                    <condition number="195" type="jump" coverage="0%" />
                  </conditions>
                </line>
                <line number="243" hits="0" branch="False" />
                <line number="245" hits="0" branch="False" />
                <line number="246" hits="0" branch="False" />
                <line number="247" hits="0" branch="False" />
                <line number="248" hits="0" branch="False" />
                <line number="249" hits="0" branch="False" />
                <line number="251" hits="10800" branch="False" />
                <line number="252" hits="10800" branch="False" />
              </lines>
            </method>
          </methods>
          <lines>
            <line number="232" hits="10800" branch="True" condition-coverage="50% (1/2)">
              <conditions>
                <condition number="68" type="jump" coverage="50%" />
              </conditions>
            </line>
            <line number="233" hits="10800" branch="True" condition-coverage="50% (1/2)">
              <conditions>
                <condition number="350" type="jump" coverage="50%" />
              </conditions>
            </line>
            <line number="237" hits="0" branch="True" condition-coverage="0% (0/4)">
              <conditions>
                <condition number="104" type="jump" coverage="0%" />
                <condition number="146" type="jump" coverage="0%" />
              </conditions>
            </line>
            <line number="240" hits="0" branch="False" />
            <line number="242" hits="0" branch="True" condition-coverage="0% (0/2)">
              <conditions>
                <condition number="195" type="jump" coverage="0%" />
              </conditions>
            </line>
            <line number="243" hits="0" branch="False" />
            <line number="245" hits="0" branch="False" />
            <line number="246" hits="0" branch="False" />
            <line number="247" hits="0" branch="False" />
            <line number="248" hits="0" branch="False" />
            <line number="249" hits="0" branch="False" />
            <line number="251" hits="10800" branch="False" />
            <line number="252" hits="10800" branch="False" />
          </lines>
        </class>
        <class name="StirlingLabs.Utilities.Collections.FairAsyncConsumerIMux`1/Enumerator/&lt;MoveNextAsync&gt;d__7" filename="/_/StirlingLabs.Utilities.Collections/FairAsyncConsumerIMux.cs" line-rate="1" branch-rate="1" complexity="1">
          <methods>
            <method name="MoveNext" signature="()" line-rate="1" branch-rate="1" complexity="1">
              <lines>
                <line number="276" hits="10800" branch="False" />
              </lines>
            </method>
          </methods>
          <lines>
            <line number="276" hits="10800" branch="False" />
          </lines>
        </class>
      </classes>
    </package>
  </packages>
</coverage>